[debug] [2024-07-31T07:34:42.299Z] ----------------------------------------------------------------------
[debug] [2024-07-31T07:34:42.301Z] Command:       C:\Program Files\nodejs\node.exe C:\Users\User\AppData\Roaming\npm\node_modules\firebase-tools\lib\bin\firebase.js deploy --only functions
[debug] [2024-07-31T07:34:42.301Z] CLI Version:   13.14.2
[debug] [2024-07-31T07:34:42.302Z] Platform:      win32
[debug] [2024-07-31T07:34:42.302Z] Node Version:  v20.13.1
[debug] [2024-07-31T07:34:42.302Z] Time:          Wed Jul 31 2024 15:34:42 GMT+0800 (Singapore Standard Time)
[debug] [2024-07-31T07:34:42.302Z] ----------------------------------------------------------------------
[debug] 
[debug] [2024-07-31T07:34:42.351Z] > command requires scopes: ["email","openid","https://www.googleapis.com/auth/cloudplatformprojects.readonly","https://www.googleapis.com/auth/firebase","https://www.googleapis.com/auth/cloud-platform"]
[debug] [2024-07-31T07:34:42.352Z] > authorizing via signed-in user (aaronlim2002@gmail.com)
[debug] [2024-07-31T07:34:42.352Z] [iam] checking project nft-nexus-5e707 for permissions ["cloudfunctions.functions.create","cloudfunctions.functions.delete","cloudfunctions.functions.get","cloudfunctions.functions.list","cloudfunctions.functions.update","cloudfunctions.operations.get","firebase.projects.get"]
[debug] [2024-07-31T07:34:42.354Z] >>> [apiv2][query] POST https://cloudresourcemanager.googleapis.com/v1/projects/nft-nexus-5e707:testIamPermissions [none]
[debug] [2024-07-31T07:34:42.354Z] >>> [apiv2][(partial)header] POST https://cloudresourcemanager.googleapis.com/v1/projects/nft-nexus-5e707:testIamPermissions x-goog-quota-user=projects/nft-nexus-5e707
[debug] [2024-07-31T07:34:42.354Z] >>> [apiv2][body] POST https://cloudresourcemanager.googleapis.com/v1/projects/nft-nexus-5e707:testIamPermissions {"permissions":["cloudfunctions.functions.create","cloudfunctions.functions.delete","cloudfunctions.functions.get","cloudfunctions.functions.list","cloudfunctions.functions.update","cloudfunctions.operations.get","firebase.projects.get"]}
[debug] [2024-07-31T07:34:43.432Z] <<< [apiv2][status] POST https://cloudresourcemanager.googleapis.com/v1/projects/nft-nexus-5e707:testIamPermissions 200
[debug] [2024-07-31T07:34:43.433Z] <<< [apiv2][body] POST https://cloudresourcemanager.googleapis.com/v1/projects/nft-nexus-5e707:testIamPermissions {"permissions":["cloudfunctions.functions.create","cloudfunctions.functions.delete","cloudfunctions.functions.get","cloudfunctions.functions.list","cloudfunctions.functions.update","cloudfunctions.operations.get","firebase.projects.get"]}
[debug] [2024-07-31T07:34:43.433Z] >>> [apiv2][query] POST https://iam.googleapis.com/v1/projects/nft-nexus-5e707/serviceAccounts/nft-nexus-5e707@appspot.gserviceaccount.com:testIamPermissions [none]
[debug] [2024-07-31T07:34:43.434Z] >>> [apiv2][body] POST https://iam.googleapis.com/v1/projects/nft-nexus-5e707/serviceAccounts/nft-nexus-5e707@appspot.gserviceaccount.com:testIamPermissions {"permissions":["iam.serviceAccounts.actAs"]}
[debug] [2024-07-31T07:34:44.710Z] <<< [apiv2][status] POST https://iam.googleapis.com/v1/projects/nft-nexus-5e707/serviceAccounts/nft-nexus-5e707@appspot.gserviceaccount.com:testIamPermissions 200
[debug] [2024-07-31T07:34:44.710Z] <<< [apiv2][body] POST https://iam.googleapis.com/v1/projects/nft-nexus-5e707/serviceAccounts/nft-nexus-5e707@appspot.gserviceaccount.com:testIamPermissions {"permissions":["iam.serviceAccounts.actAs"]}
[info] 
[info] === Deploying to 'nft-nexus-5e707'...
[info] 
[info] i  deploying functions 
[info] +  functions: Finished running predeploy script. 
[debug] [2024-07-31T07:34:44.717Z] >>> [apiv2][query] GET https://firebase.googleapis.com/v1beta1/projects/nft-nexus-5e707 [none]
[debug] [2024-07-31T07:34:44.984Z] <<< [apiv2][status] GET https://firebase.googleapis.com/v1beta1/projects/nft-nexus-5e707 200
[debug] [2024-07-31T07:34:44.984Z] <<< [apiv2][body] GET https://firebase.googleapis.com/v1beta1/projects/nft-nexus-5e707 {"projectId":"nft-nexus-5e707","projectNumber":"577819427518","displayName":"NFT Nexus","name":"projects/nft-nexus-5e707","resources":{"hostingSite":"nft-nexus-5e707"},"state":"ACTIVE","etag":"1_8c763377-48a3-47c1-964a-498b302b8757"}
[info] i  functions: preparing codebase default for deployment 
[info] i  functions: ensuring required API cloudfunctions.googleapis.com is enabled... 
[info] i  functions: ensuring required API cloudbuild.googleapis.com is enabled... 
[info] i  artifactregistry: ensuring required API artifactregistry.googleapis.com is enabled... 
[debug] [2024-07-31T07:34:44.988Z] >>> [apiv2][query] GET https://serviceusage.googleapis.com/v1/projects/nft-nexus-5e707/services/cloudfunctions.googleapis.com [none]
[debug] [2024-07-31T07:34:44.988Z] >>> [apiv2][(partial)header] GET https://serviceusage.googleapis.com/v1/projects/nft-nexus-5e707/services/cloudfunctions.googleapis.com x-goog-quota-user=projects/nft-nexus-5e707
[debug] [2024-07-31T07:34:44.990Z] >>> [apiv2][query] GET https://serviceusage.googleapis.com/v1/projects/nft-nexus-5e707/services/runtimeconfig.googleapis.com [none]
[debug] [2024-07-31T07:34:44.990Z] >>> [apiv2][(partial)header] GET https://serviceusage.googleapis.com/v1/projects/nft-nexus-5e707/services/runtimeconfig.googleapis.com x-goog-quota-user=projects/nft-nexus-5e707
[debug] [2024-07-31T07:34:44.993Z] >>> [apiv2][query] GET https://serviceusage.googleapis.com/v1/projects/nft-nexus-5e707/services/cloudbuild.googleapis.com [none]
[debug] [2024-07-31T07:34:44.993Z] >>> [apiv2][(partial)header] GET https://serviceusage.googleapis.com/v1/projects/nft-nexus-5e707/services/cloudbuild.googleapis.com x-goog-quota-user=projects/nft-nexus-5e707
[debug] [2024-07-31T07:34:44.994Z] >>> [apiv2][query] GET https://serviceusage.googleapis.com/v1/projects/nft-nexus-5e707/services/artifactregistry.googleapis.com [none]
[debug] [2024-07-31T07:34:44.994Z] >>> [apiv2][(partial)header] GET https://serviceusage.googleapis.com/v1/projects/nft-nexus-5e707/services/artifactregistry.googleapis.com x-goog-quota-user=projects/nft-nexus-5e707
[debug] [2024-07-31T07:34:46.429Z] <<< [apiv2][status] GET https://serviceusage.googleapis.com/v1/projects/nft-nexus-5e707/services/cloudbuild.googleapis.com 200
[debug] [2024-07-31T07:34:46.429Z] <<< [apiv2][body] GET https://serviceusage.googleapis.com/v1/projects/nft-nexus-5e707/services/cloudbuild.googleapis.com [omitted]
[info] +  functions: required API cloudbuild.googleapis.com is enabled 
[debug] [2024-07-31T07:34:46.472Z] <<< [apiv2][status] GET https://serviceusage.googleapis.com/v1/projects/nft-nexus-5e707/services/runtimeconfig.googleapis.com 200
[debug] [2024-07-31T07:34:46.472Z] <<< [apiv2][body] GET https://serviceusage.googleapis.com/v1/projects/nft-nexus-5e707/services/runtimeconfig.googleapis.com [omitted]
[debug] [2024-07-31T07:34:46.474Z] <<< [apiv2][status] GET https://serviceusage.googleapis.com/v1/projects/nft-nexus-5e707/services/artifactregistry.googleapis.com 200
[debug] [2024-07-31T07:34:46.474Z] <<< [apiv2][body] GET https://serviceusage.googleapis.com/v1/projects/nft-nexus-5e707/services/artifactregistry.googleapis.com [omitted]
[info] +  artifactregistry: required API artifactregistry.googleapis.com is enabled 
[debug] [2024-07-31T07:34:46.617Z] <<< [apiv2][status] GET https://serviceusage.googleapis.com/v1/projects/nft-nexus-5e707/services/cloudfunctions.googleapis.com 200
[debug] [2024-07-31T07:34:46.617Z] <<< [apiv2][body] GET https://serviceusage.googleapis.com/v1/projects/nft-nexus-5e707/services/cloudfunctions.googleapis.com [omitted]
[info] +  functions: required API cloudfunctions.googleapis.com is enabled 
[debug] [2024-07-31T07:34:46.618Z] >>> [apiv2][query] GET https://firebase.googleapis.com/v1beta1/projects/nft-nexus-5e707/adminSdkConfig [none]
[debug] [2024-07-31T07:34:46.911Z] <<< [apiv2][status] GET https://firebase.googleapis.com/v1beta1/projects/nft-nexus-5e707/adminSdkConfig 200
[debug] [2024-07-31T07:34:46.911Z] <<< [apiv2][body] GET https://firebase.googleapis.com/v1beta1/projects/nft-nexus-5e707/adminSdkConfig {"projectId":"nft-nexus-5e707","storageBucket":"nft-nexus-5e707.appspot.com"}
[debug] [2024-07-31T07:34:46.912Z] >>> [apiv2][query] GET https://runtimeconfig.googleapis.com/v1beta1/projects/nft-nexus-5e707/configs [none]
[debug] [2024-07-31T07:34:47.253Z] <<< [apiv2][status] GET https://runtimeconfig.googleapis.com/v1beta1/projects/nft-nexus-5e707/configs 200
[debug] [2024-07-31T07:34:47.253Z] <<< [apiv2][body] GET https://runtimeconfig.googleapis.com/v1beta1/projects/nft-nexus-5e707/configs {}
[debug] [2024-07-31T07:34:47.256Z] Validating nodejs source
[debug] [2024-07-31T07:34:48.115Z] > [functions] package.json contents: {
  "name": "functions",
  "description": "Cloud Functions for Firebase",
  "scripts": {
    "lint": "eslint .",
    "serve": "firebase emulators:start --only functions",
    "shell": "firebase functions:shell",
    "start": "npm run shell",
    "deploy": "firebase deploy --only functions",
    "logs": "firebase functions:log"
  },
  "engines": {
    "node": "18"
  },
  "main": "index.js",
  "dependencies": {
    "firebase-admin": "^12.1.0",
    "firebase-functions": "^5.0.0",
    "bcryptjs": "^2.4.3",
    "cors": "^2.8.5",
    "dotenv": "^10.0.0",
    "express": "^4.17.1",
    "jsonwebtoken": "^8.5.1",
    "pg": "^8.6.0",
    "winston": "^3.13.0"
  },
  "devDependencies": {
    "eslint": "^8.15.0",
    "eslint-config-google": "^0.14.0",
    "firebase-functions-test": "^3.1.0"
  },
  "private": true
}
[debug] [2024-07-31T07:34:48.116Z] Building nodejs source
[info] i  functions: Loading and analyzing source code for codebase default to determine what to deploy 
[debug] [2024-07-31T07:34:48.117Z] Could not find functions.yaml. Must use http discovery
[debug] [2024-07-31T07:34:48.121Z] Found firebase-functions binary at 'C:\Users\User\Documents\GitHub\NFT-Browser\nft-nexus-web-ver-3\functions\node_modules\.bin\firebase-functions'
[info] Serving at port 8426

[info] {"level":"info","message":"hello world!"}

[error] node:events:497
      throw er; // Unhandled 'error' event
      ^

Error: listen EADDRINUSE: address already in use :::8426
    at Server.setupListenHandle [as _listen2] (node:net:1898:16)
    at listenInCluster (node:net:1946:12)
    at Server.listen (node:net:2044:7)
    at Function.listen (C:\Users\User\Documents\GitHub\NFT-Browser\nft-nexus-web-ver-3\functions\node_modules\express\lib\application.js:635:24)
    at Object.<anonymous> (C:\Users\User\Documents\GitHub\NFT-Browser\nft-nexus-web-ver-3\functions\index.js:590:5)
    at Module._compile (node:internal/modules/cjs/loader:1358:14)
    at Module._extensions..js (node:internal/modules/cjs/loader:1416:10)
    at Module.load (node:internal/modules/cjs/loader:1208:32)
    at Module._load (node:internal/modules/cjs/loader:1024:12)
    at Module.require (node:internal/modules/cjs/loader:1233:19)
Emitted 'error' event on Server instance at:
    at emitErrorNT (node:net:1925:8)
    at process.processTicksAndRejections (node:internal/process/task_queues:82:21) {
  code: 'EADDRINUSE',
  errno: -4091,
  syscall: 'listen',
  address: '::',
  port: 8426
}

Node.js v20.13.1

[debug] [2024-07-31T07:34:48.697Z] Failed to call quitquitquit. This often means the server failed to start request to http://localhost:8426/__/quitquitquit failed, reason:  {"message":"request to http://localhost:8426/__/quitquitquit failed, reason: ","type":"system","errno":"ECONNREFUSED","code":"ECONNREFUSED"}
[debug] [2024-07-31T07:34:48.735Z] FetchError: request to http://127.0.0.1:8426/__/functions.yaml failed, reason: read ECONNRESET
    at ClientRequest.<anonymous> (C:\Users\User\AppData\Roaming\npm\node_modules\firebase-tools\node_modules\node-fetch\lib\index.js:1501:11)
    at ClientRequest.emit (node:events:519:28)
    at ClientRequest.emit (node:domain:488:12)
    at Socket.socketErrorListener (node:_http_client:500:9)
    at Socket.emit (node:events:519:28)
    at Socket.emit (node:domain:488:12)
    at emitErrorNT (node:internal/streams/destroy:169:8)
    at emitErrorCloseNT (node:internal/streams/destroy:128:3)
    at process.processTicksAndRejections (node:internal/process/task_queues:82:21)
[error] 
[error] Error: An unexpected error has occurred.
