{"level":"info","message":"hello world!"}{"level":"info","message":"hello world!"}
{"level":"info","message":"hello world!"}
{"level":"info","message":"hello world!"}
{"level":"info","message":"hello world!"}
{"level":"info","message":"hello world!"}
{"level":"info","message":"hello world!"}
{"level":"info","message":"hello world!"}
{"level":"info","message":"executing."}
{"level":"info","message":"milady"}
{"level":"info","message":1}
{"level":"info","message":"hello world!"}
{"level":"info","message":"hello world!"}
{"level":"info","message":"hello world!"}
{"level":"info","message":"hello world!"}
{"level":"info","message":"hello world!"}
{"level":"info","message":"hello world!"}
{"level":"info","message":"hello world!"}
{"level":"info","message":"hello world!"}
{"level":"info","message":"hello world!"}
{"level":"info","message":"hello world!"}
{"level":"info","message":"hello world!"}
{"level":"info","message":"hello world!"}
{"level":"info","message":"hello world!"}
{"level":"info","message":"hello world!"}
{"level":"info","message":"hello world!"}
{"level":"info","message":"hello world!"}
{"level":"info","message":"hello world!"}
{"level":"info","message":"hello world!"}
{"level":"info","message":"hello world!"}
{"level":"info","message":"hello world!"}
{"level":"info","message":"hello world!"}
{"level":"info","message":"hello world!"}
{"level":"info","message":"hello world!"}
{"level":"info","message":"hello world!"}
{"level":"info","message":"hello world!"}
{"level":"info","message":"hello world!"}
{"level":"info","message":"hello world!"}
{"level":"info","message":"hello world!"}
{"level":"info","message":"hello world!"}
{"level":"info","message":"hello world!"}
{"level":"info","message":"hello world!"}
{"level":"info","message":"hello world!"}
{"level":"info","message":"hello world!"}
{"level":"info","message":"hello world!"}
{"level":"info","message":"hello world!"}
{"level":"info","message":"hello world!"}
{"level":"info","message":"hello world!"}
{"level":"info","message":"hello world!"}
{"level":"info","message":"hello world!"}
{"level":"info","message":"hello world!"}
{"level":"info","message":"hello world!"}
{"level":"info","message":"hello world!"}
{"level":"info","message":"hello world!"}
{"level":"info","message":"hello world!"}
{"level":"info","message":"hello world!"}
{"level":"info","message":"hello world!"}
{"level":"info","message":"hello world!"}
{"level":"info","message":"hello world!"}
{"level":"info","message":"galleryId"}
{"level":"info"}
{"level":"info","message":"hello world!"}
{"level":"info","message":"galleryId"}
{"level":"info","message":"1"}
{"level":"info","message":"hello world!"}
{"level":"info","message":"galleryId"}
{"level":"info","message":"1"}
{"level":"info","message":"hello world!"}
{"level":"info","message":"galleryId"}
{"level":"info","message":"1"}
{"level":"info","message":"galleryId"}
{"level":"info","message":"1"}
{"level":"info","message":"galleryId"}
{"level":"info","message":"1"}
{"level":"info","message":"galleryId"}
{"level":"info","message":"1"}
{"level":"info","message":"hello world!"}
{"level":"info","message":"galleryId"}
{"level":"info","message":"1"}
{"level":"info","message":"galleryId"}
{"level":"info","message":"1"}
{"level":"info","message":"galleryId"}
{"level":"info","message":"1"}
{"level":"info","message":"galleryId"}
{"level":"info","message":"1"}
{"level":"info","message":"galleryId"}
{"level":"info","message":"1"}
{"level":"info","message":"hello world!"}
{"level":"info","message":"galleryId"}
{"level":"info","message":"1"}
{"level":"info","message":"galleryId"}
{"level":"info","message":"1"}
{"level":"info","message":"galleryId"}
{"level":"info","message":"1"}
{"level":"info","message":"galleryId"}
{"level":"info","message":"1"}
{"level":"info","message":"galleryId"}
{"level":"info","message":"1"}
{"level":"info","message":"galleryId"}
{"level":"info","message":"1"}
{"level":"info","message":"galleryId"}
{"level":"info","message":"1"}
{"level":"info","message":"galleryId"}
{"level":"info","message":"1"}
{"level":"info","message":"galleryId"}
{"level":"info","message":"1"}
{"level":"info","message":"galleryId"}
{"level":"info","message":"1"}
{"level":"info","message":"galleryId"}
{"level":"info","message":"1"}
{"level":"info","message":"galleryId"}
{"level":"info","message":"1"}
{"level":"info","message":"galleryId"}
{"level":"info","message":"1"}
{"level":"info","message":"galleryId"}
{"level":"info","message":"1"}
{"level":"info","message":"galleryId"}
{"level":"info","message":"1"}
{"level":"info","message":"galleryId"}
{"level":"info","message":"1"}
{"level":"info","message":"hello world!"}
{"level":"info","message":"galleryId"}
{"level":"info","message":"1"}
{"level":"info","message":"galleryId"}
{"level":"info","message":"2"}
{"level":"info","message":"hello world!"}
{"level":"info","message":"hello world!"}
{"level":"info","message":"galleryId"}
{"level":"info","message":"2"}
{"level":"info","message":"galleryId"}
{"level":"info","message":"2"}
{"level":"info","message":"galleryId"}
{"level":"info","message":"2"}
{"level":"info","message":"galleryId"}
{"level":"info","message":"3"}
{"level":"info","message":"hello world!"}
{"level":"info","message":"galleryId"}
{"level":"info","message":"3"}
{"level":"info","message":"galleryId"}
{"level":"info","message":"3"}
{"level":"info","message":"galleryId"}
{"level":"info","message":"3"}
{"level":"info","message":"hello world!"}
{"level":"info","message":"hello world!"}
{"level":"info","message":"hello world!"}
{"level":"info","message":"hello world!"}
{"level":"info","message":"hello world!"}
{"level":"info","message":"hello world!"}
{"level":"info","message":"hello world!"}
{"level":"info","message":"hello world!"}
{"level":"info","message":"hello world!"}
{"level":"info","message":"hello world!"}
{"level":"info","message":"hello world!"}
{"level":"info","message":"hello world!"}
{"level":"info","message":"hello world!"}
{"level":"info","message":"hello world!"}
{"level":"info","message":"hello world!"}
{"level":"info","message":"hello world!"}
